<?xml version="1.0" encoding="utf-8"?><testsuites><testsuite errors="0" failures="0" hostname="DESKTOP-CBH9PB1" name="pytest" skipped="0" tests="7" time="16.451" timestamp="2020-07-20T14:19:16.909838"><testcase classname="test_submit" file="test_submit.py" line="3" name="test_q1" time="0.001"></testcase><testcase classname="test_submit" file="test_submit.py" line="8" name="test_q2" time="0.001"></testcase><testcase classname="test_submit" file="test_submit.py" line="13" name="test_q3" time="0.001"></testcase><testcase classname="test_submit" file="test_submit.py" line="18" name="test_q4" time="0.001"></testcase><testcase classname="test_submit" file="test_submit.py" line="23" name="test_q5" time="0.000"></testcase><testcase classname="test_submit" file="test_submit.py" line="28" name="test_q6" time="0.001"></testcase><testcase classname="test_submit" file="test_submit.py" line="33" name="test_q7" time="0.000"></testcase></testsuite></testsuites>