<?xml version="1.0" encoding="utf-8"?><testsuites><testsuite errors="0" failures="0" hostname="DESKTOP-CBH9PB1" name="pytest" skipped="0" tests="10" time="1.202" timestamp="2020-06-29T12:04:22.682240"><testcase classname="test_submit" file="test_submit.py" line="3" name="test_q1" time="0.000"></testcase><testcase classname="test_submit" file="test_submit.py" line="9" name="test_q2" time="0.060"><system-out>49348
</system-out></testcase><testcase classname="test_submit" file="test_submit.py" line="15" name="test_q3" time="0.011"><system-out>5891
</system-out></testcase><testcase classname="test_submit" file="test_submit.py" line="21" name="test_q4" time="0.001"></testcase><testcase classname="test_submit" file="test_submit.py" line="27" name="test_q5" time="0.121"></testcase><testcase classname="test_submit" file="test_submit.py" line="33" name="test_q6" time="0.093"></testcase><testcase classname="test_submit" file="test_submit.py" line="39" name="test_q7" time="0.008"><system-out>16
</system-out></testcase><testcase classname="test_submit" file="test_submit.py" line="45" name="test_q8" time="0.013"><system-out>0.3847939036269795
</system-out></testcase><testcase classname="test_submit" file="test_submit.py" line="51" name="test_q9" time="0.009"><system-out>348631
</system-out></testcase><testcase classname="test_submit" file="test_submit.py" line="57" name="test_q10" time="0.160"><system-out>True
</system-out></testcase></testsuite></testsuites>